{"D:\\Coding\\nodejs\\binar\\challenge-05\\app.js": {"path":"D:\\Coding\\nodejs\\binar\\challenge-05\\app.js","statementMap":{"0":{"start":{"line":1,"column":16},"end":{"line":1,"column":34}},"1":{"start":{"line":2,"column":12},"end":{"line":2,"column":21}},"2":{"start":{"line":3,"column":13},"end":{"line":3,"column":17}},"3":{"start":{"line":4,"column":21},"end":{"line":4,"column":52}},"4":{"start":{"line":5,"column":15},"end":{"line":5,"column":34}},"5":{"start":{"line":7,"column":0},"end":{"line":7,"column":49}},"6":{"start":{"line":8,"column":0},"end":{"line":8,"column":24}},"7":{"start":{"line":10,"column":0},"end":{"line":10,"column":16}},"8":{"start":{"line":12,"column":0},"end":{"line":12,"column":22}},"9":{"start":{"line":14,"column":0},"end":{"line":14,"column":21}}},"fnMap":{},"branchMap":{},"s":{"0":3,"1":3,"2":3,"3":3,"4":3,"5":3,"6":3,"7":3,"8":3,"9":3},"f":{},"b":{},"_coverageSchema":"1a1c01bbd47fc00a2c39e90264f33305004495a9","hash":"d5c792a90fec7eb1924a8f43d15bc7864ffcba13"}
,"D:\\Coding\\nodejs\\binar\\challenge-05\\controllers\\AuthController.js": {"path":"D:\\Coding\\nodejs\\binar\\challenge-05\\controllers\\AuthController.js","statementMap":{"0":{"start":{"line":1,"column":12},"end":{"line":1,"column":35}},"1":{"start":{"line":2,"column":41},"end":{"line":2,"column":61}},"2":{"start":{"line":3,"column":15},"end":{"line":3,"column":34}},"3":{"start":{"line":28,"column":4},"end":{"line":63,"column":5}},"4":{"start":{"line":29,"column":19},"end":{"line":31,"column":8}},"5":{"start":{"line":32,"column":6},"end":{"line":37,"column":7}},"6":{"start":{"line":33,"column":8},"end":{"line":36,"column":10}},"7":{"start":{"line":39,"column":28},"end":{"line":42,"column":7}},"8":{"start":{"line":43,"column":6},"end":{"line":48,"column":7}},"9":{"start":{"line":44,"column":8},"end":{"line":47,"column":10}},"10":{"start":{"line":50,"column":20},"end":{"line":57,"column":7}},"11":{"start":{"line":58,"column":6},"end":{"line":60,"column":69}},"12":{"start":{"line":62,"column":6},"end":{"line":62,"column":18}},"13":{"start":{"line":80,"column":4},"end":{"line":104,"column":5}},"14":{"start":{"line":81,"column":6},"end":{"line":86,"column":7}},"15":{"start":{"line":82,"column":8},"end":{"line":85,"column":10}},"16":{"start":{"line":87,"column":6},"end":{"line":101,"column":8}},"17":{"start":{"line":91,"column":10},"end":{"line":97,"column":11}},"18":{"start":{"line":92,"column":12},"end":{"line":96,"column":14}},"19":{"start":{"line":98,"column":10},"end":{"line":98,"column":29}},"20":{"start":{"line":99,"column":10},"end":{"line":99,"column":17}},"21":{"start":{"line":103,"column":6},"end":{"line":103,"column":18}},"22":{"start":{"line":108,"column":0},"end":{"line":108,"column":32}}},"fnMap":{"0":{"name":"(anonymous_0)","decl":{"start":{"line":5,"column":2},"end":{"line":5,"column":3}},"loc":{"start":{"line":5,"column":37},"end":{"line":64,"column":3}},"line":5},"1":{"name":"(anonymous_1)","decl":{"start":{"line":66,"column":2},"end":{"line":66,"column":3}},"loc":{"start":{"line":66,"column":45},"end":{"line":105,"column":3}},"line":66},"2":{"name":"(anonymous_2)","decl":{"start":{"line":90,"column":8},"end":{"line":90,"column":9}},"loc":{"start":{"line":90,"column":32},"end":{"line":100,"column":9}},"line":90}},"branchMap":{"0":{"loc":{"start":{"line":32,"column":6},"end":{"line":37,"column":7}},"type":"if","locations":[{"start":{"line":32,"column":6},"end":{"line":37,"column":7}},{"start":{},"end":{}}],"line":32},"1":{"loc":{"start":{"line":43,"column":6},"end":{"line":48,"column":7}},"type":"if","locations":[{"start":{"line":43,"column":6},"end":{"line":48,"column":7}},{"start":{},"end":{}}],"line":43},"2":{"loc":{"start":{"line":81,"column":6},"end":{"line":86,"column":7}},"type":"if","locations":[{"start":{"line":81,"column":6},"end":{"line":86,"column":7}},{"start":{},"end":{}}],"line":81},"3":{"loc":{"start":{"line":91,"column":10},"end":{"line":97,"column":11}},"type":"if","locations":[{"start":{"line":91,"column":10},"end":{"line":97,"column":11}},{"start":{},"end":{}}],"line":91}},"s":{"0":3,"1":3,"2":3,"3":3,"4":3,"5":3,"6":1,"7":2,"8":2,"9":1,"10":1,"11":1,"12":2,"13":25,"14":25,"15":7,"16":18,"17":18,"18":5,"19":13,"20":13,"21":12,"22":3},"f":{"0":3,"1":25,"2":18},"b":{"0":[1,2],"1":[1,1],"2":[7,18],"3":[5,13]},"_coverageSchema":"1a1c01bbd47fc00a2c39e90264f33305004495a9","hash":"1c3fb1035cdc19cda49a1659ede8ccd0e61891de"}
,"D:\\Coding\\nodejs\\binar\\challenge-05\\controllers\\GameController.js": {"path":"D:\\Coding\\nodejs\\binar\\challenge-05\\controllers\\GameController.js","statementMap":{"0":{"start":{"line":9,"column":4},"end":{"line":9,"column":44}},"1":{"start":{"line":10,"column":29},"end":{"line":10,"column":57}},"2":{"start":{"line":11,"column":15},"end":{"line":11,"column":34}},"3":{"start":{"line":15,"column":4},"end":{"line":15,"column":51}},"4":{"start":{"line":16,"column":29},"end":{"line":16,"column":76}},"5":{"start":{"line":44,"column":4},"end":{"line":56,"column":5}},"6":{"start":{"line":45,"column":20},"end":{"line":45,"column":78}},"7":{"start":{"line":46,"column":6},"end":{"line":53,"column":7}},"8":{"start":{"line":47,"column":8},"end":{"line":47,"column":36}},"9":{"start":{"line":49,"column":8},"end":{"line":52,"column":10}},"10":{"start":{"line":55,"column":6},"end":{"line":55,"column":18}},"11":{"start":{"line":100,"column":4},"end":{"line":137,"column":5}},"12":{"start":{"line":101,"column":21},"end":{"line":101,"column":42}},"13":{"start":{"line":102,"column":6},"end":{"line":107,"column":7}},"14":{"start":{"line":103,"column":8},"end":{"line":106,"column":10}},"15":{"start":{"line":108,"column":22},"end":{"line":111,"column":7}},"16":{"start":{"line":113,"column":6},"end":{"line":134,"column":7}},"17":{"start":{"line":114,"column":8},"end":{"line":117,"column":10}},"18":{"start":{"line":119,"column":21},"end":{"line":119,"column":67}},"19":{"start":{"line":121,"column":21},"end":{"line":131,"column":9}},"20":{"start":{"line":133,"column":8},"end":{"line":133,"column":67}},"21":{"start":{"line":136,"column":6},"end":{"line":136,"column":18}},"22":{"start":{"line":169,"column":4},"end":{"line":182,"column":5}},"23":{"start":{"line":170,"column":25},"end":{"line":170,"column":72}},"24":{"start":{"line":172,"column":6},"end":{"line":179,"column":7}},"25":{"start":{"line":173,"column":8},"end":{"line":173,"column":43}},"26":{"start":{"line":175,"column":8},"end":{"line":178,"column":10}},"27":{"start":{"line":181,"column":6},"end":{"line":181,"column":18}},"28":{"start":{"line":207,"column":4},"end":{"line":236,"column":5}},"29":{"start":{"line":208,"column":25},"end":{"line":208,"column":72}},"30":{"start":{"line":209,"column":6},"end":{"line":233,"column":7}},"31":{"start":{"line":210,"column":26},"end":{"line":214,"column":9}},"32":{"start":{"line":215,"column":25},"end":{"line":223,"column":9}},"33":{"start":{"line":224,"column":8},"end":{"line":224,"column":59}},"34":{"start":{"line":226,"column":8},"end":{"line":226,"column":69}},"35":{"start":{"line":227,"column":8},"end":{"line":227,"column":68}},"36":{"start":{"line":229,"column":8},"end":{"line":232,"column":10}},"37":{"start":{"line":235,"column":6},"end":{"line":235,"column":18}},"38":{"start":{"line":260,"column":4},"end":{"line":282,"column":5}},"39":{"start":{"line":261,"column":25},"end":{"line":264,"column":8}},"40":{"start":{"line":266,"column":6},"end":{"line":279,"column":7}},"41":{"start":{"line":267,"column":8},"end":{"line":270,"column":10}},"42":{"start":{"line":271,"column":8},"end":{"line":273,"column":11}},"43":{"start":{"line":275,"column":8},"end":{"line":278,"column":10}},"44":{"start":{"line":281,"column":6},"end":{"line":281,"column":18}},"45":{"start":{"line":315,"column":4},"end":{"line":327,"column":5}},"46":{"start":{"line":316,"column":24},"end":{"line":316,"column":48}},"47":{"start":{"line":317,"column":6},"end":{"line":324,"column":7}},"48":{"start":{"line":318,"column":8},"end":{"line":318,"column":40}},"49":{"start":{"line":320,"column":8},"end":{"line":323,"column":10}},"50":{"start":{"line":326,"column":6},"end":{"line":326,"column":18}},"51":{"start":{"line":330,"column":0},"end":{"line":330,"column":32}}},"fnMap":{"0":{"name":"(anonymous_0)","decl":{"start":{"line":19,"column":2},"end":{"line":19,"column":3}},"loc":{"start":{"line":19,"column":40},"end":{"line":57,"column":3}},"line":19},"1":{"name":"(anonymous_1)","decl":{"start":{"line":58,"column":2},"end":{"line":58,"column":3}},"loc":{"start":{"line":58,"column":39},"end":{"line":138,"column":3}},"line":58},"2":{"name":"(anonymous_2)","decl":{"start":{"line":140,"column":2},"end":{"line":140,"column":3}},"loc":{"start":{"line":140,"column":43},"end":{"line":183,"column":3}},"line":140},"3":{"name":"(anonymous_3)","decl":{"start":{"line":185,"column":2},"end":{"line":185,"column":3}},"loc":{"start":{"line":185,"column":42},"end":{"line":237,"column":3}},"line":185},"4":{"name":"(anonymous_4)","decl":{"start":{"line":238,"column":2},"end":{"line":238,"column":3}},"loc":{"start":{"line":238,"column":42},"end":{"line":283,"column":3}},"line":238},"5":{"name":"(anonymous_5)","decl":{"start":{"line":285,"column":2},"end":{"line":285,"column":3}},"loc":{"start":{"line":285,"column":44},"end":{"line":328,"column":3}},"line":285}},"branchMap":{"0":{"loc":{"start":{"line":46,"column":6},"end":{"line":53,"column":7}},"type":"if","locations":[{"start":{"line":46,"column":6},"end":{"line":53,"column":7}},{"start":{"line":48,"column":13},"end":{"line":53,"column":7}}],"line":46},"1":{"loc":{"start":{"line":102,"column":6},"end":{"line":107,"column":7}},"type":"if","locations":[{"start":{"line":102,"column":6},"end":{"line":107,"column":7}},{"start":{},"end":{}}],"line":102},"2":{"loc":{"start":{"line":113,"column":6},"end":{"line":134,"column":7}},"type":"if","locations":[{"start":{"line":113,"column":6},"end":{"line":134,"column":7}},{"start":{"line":118,"column":13},"end":{"line":134,"column":7}}],"line":113},"3":{"loc":{"start":{"line":113,"column":10},"end":{"line":113,"column":43}},"type":"binary-expr","locations":[{"start":{"line":113,"column":10},"end":{"line":113,"column":23}},{"start":{"line":113,"column":27},"end":{"line":113,"column":43}}],"line":113},"4":{"loc":{"start":{"line":119,"column":21},"end":{"line":119,"column":67}},"type":"cond-expr","locations":[{"start":{"line":119,"column":42},"end":{"line":119,"column":60}},{"start":{"line":119,"column":63},"end":{"line":119,"column":67}}],"line":119},"5":{"loc":{"start":{"line":172,"column":6},"end":{"line":179,"column":7}},"type":"if","locations":[{"start":{"line":172,"column":6},"end":{"line":179,"column":7}},{"start":{"line":174,"column":13},"end":{"line":179,"column":7}}],"line":172},"6":{"loc":{"start":{"line":209,"column":6},"end":{"line":233,"column":7}},"type":"if","locations":[{"start":{"line":209,"column":6},"end":{"line":233,"column":7}},{"start":{"line":228,"column":13},"end":{"line":233,"column":7}}],"line":209},"7":{"loc":{"start":{"line":211,"column":20},"end":{"line":213,"column":35}},"type":"cond-expr","locations":[{"start":{"line":212,"column":14},"end":{"line":212,"column":31}},{"start":{"line":213,"column":14},"end":{"line":213,"column":35}}],"line":211},"8":{"loc":{"start":{"line":216,"column":20},"end":{"line":218,"column":43}},"type":"cond-expr","locations":[{"start":{"line":217,"column":14},"end":{"line":217,"column":31}},{"start":{"line":218,"column":14},"end":{"line":218,"column":43}}],"line":216},"9":{"loc":{"start":{"line":219,"column":17},"end":{"line":219,"column":77}},"type":"cond-expr","locations":[{"start":{"line":219,"column":34},"end":{"line":219,"column":48}},{"start":{"line":219,"column":51},"end":{"line":219,"column":77}}],"line":219},"10":{"loc":{"start":{"line":220,"column":21},"end":{"line":222,"column":44}},"type":"cond-expr","locations":[{"start":{"line":221,"column":14},"end":{"line":221,"column":32}},{"start":{"line":222,"column":14},"end":{"line":222,"column":44}}],"line":220},"11":{"loc":{"start":{"line":266,"column":6},"end":{"line":279,"column":7}},"type":"if","locations":[{"start":{"line":266,"column":6},"end":{"line":279,"column":7}},{"start":{"line":274,"column":13},"end":{"line":279,"column":7}}],"line":266},"12":{"loc":{"start":{"line":317,"column":6},"end":{"line":324,"column":7}},"type":"if","locations":[{"start":{"line":317,"column":6},"end":{"line":324,"column":7}},{"start":{"line":319,"column":13},"end":{"line":324,"column":7}}],"line":317}},"s":{"0":3,"1":3,"2":3,"3":3,"4":3,"5":1,"6":1,"7":1,"8":1,"9":0,"10":0,"11":4,"12":4,"13":4,"14":2,"15":2,"16":2,"17":1,"18":1,"19":1,"20":1,"21":3,"22":2,"23":2,"24":2,"25":1,"26":1,"27":1,"28":1,"29":1,"30":1,"31":1,"32":1,"33":1,"34":1,"35":1,"36":0,"37":0,"38":2,"39":2,"40":2,"41":1,"42":1,"43":1,"44":1,"45":1,"46":1,"47":1,"48":1,"49":0,"50":0,"51":3},"f":{"0":1,"1":4,"2":2,"3":1,"4":2,"5":1},"b":{"0":[1,0],"1":[2,2],"2":[1,1],"3":[2,1],"4":[1,0],"5":[1,1],"6":[1,0],"7":[0,1],"8":[1,0],"9":[1,0],"10":[1,0],"11":[1,1],"12":[1,0]},"_coverageSchema":"1a1c01bbd47fc00a2c39e90264f33305004495a9","hash":"fe24c586508972bb4ed7e53628afa91a7779a830"}
,"D:\\Coding\\nodejs\\binar\\challenge-05\\models\\game_activity.js": {"path":"D:\\Coding\\nodejs\\binar\\challenge-05\\models\\game_activity.js","statementMap":{"0":{"start":{"line":2,"column":18},"end":{"line":2,"column":38}},"1":{"start":{"line":3,"column":0},"end":{"line":28,"column":2}},"2":{"start":{"line":12,"column":6},"end":{"line":15,"column":9}},"3":{"start":{"line":18,"column":2},"end":{"line":26,"column":4}},"4":{"start":{"line":27,"column":2},"end":{"line":27,"column":23}}},"fnMap":{"0":{"name":"(anonymous_0)","decl":{"start":{"line":3,"column":17},"end":{"line":3,"column":18}},"loc":{"start":{"line":3,"column":43},"end":{"line":28,"column":1}},"line":3},"1":{"name":"(anonymous_1)","decl":{"start":{"line":10,"column":4},"end":{"line":10,"column":5}},"loc":{"start":{"line":10,"column":29},"end":{"line":16,"column":5}},"line":10}},"branchMap":{},"s":{"0":3,"1":3,"2":3,"3":3,"4":3},"f":{"0":3,"1":3},"b":{},"_coverageSchema":"1a1c01bbd47fc00a2c39e90264f33305004495a9","hash":"742acb328e57fb40334edd6a1e45728a4a0c340c"}
,"D:\\Coding\\nodejs\\binar\\challenge-05\\models\\index.js": {"path":"D:\\Coding\\nodejs\\binar\\challenge-05\\models\\index.js","statementMap":{"0":{"start":{"line":3,"column":11},"end":{"line":3,"column":24}},"1":{"start":{"line":4,"column":13},"end":{"line":4,"column":28}},"2":{"start":{"line":5,"column":18},"end":{"line":5,"column":38}},"3":{"start":{"line":6,"column":17},"end":{"line":6,"column":42}},"4":{"start":{"line":7,"column":12},"end":{"line":7,"column":49}},"5":{"start":{"line":8,"column":15},"end":{"line":8,"column":65}},"6":{"start":{"line":9,"column":11},"end":{"line":9,"column":13}},"7":{"start":{"line":12,"column":0},"end":{"line":21,"column":1}},"8":{"start":{"line":13,"column":2},"end":{"line":13,"column":74}},"9":{"start":{"line":15,"column":2},"end":{"line":20,"column":4}},"10":{"start":{"line":23,"column":0},"end":{"line":35,"column":5}},"11":{"start":{"line":25,"column":4},"end":{"line":27,"column":6}},"12":{"start":{"line":30,"column":18},"end":{"line":33,"column":5}},"13":{"start":{"line":34,"column":4},"end":{"line":34,"column":27}},"14":{"start":{"line":37,"column":0},"end":{"line":41,"column":3}},"15":{"start":{"line":38,"column":2},"end":{"line":40,"column":3}},"16":{"start":{"line":39,"column":4},"end":{"line":39,"column":32}},"17":{"start":{"line":43,"column":0},"end":{"line":43,"column":25}},"18":{"start":{"line":44,"column":0},"end":{"line":44,"column":25}},"19":{"start":{"line":46,"column":0},"end":{"line":46,"column":20}}},"fnMap":{"0":{"name":"(anonymous_0)","decl":{"start":{"line":24,"column":10},"end":{"line":24,"column":11}},"loc":{"start":{"line":24,"column":20},"end":{"line":28,"column":3}},"line":24},"1":{"name":"(anonymous_1)","decl":{"start":{"line":29,"column":11},"end":{"line":29,"column":12}},"loc":{"start":{"line":29,"column":21},"end":{"line":35,"column":3}},"line":29},"2":{"name":"(anonymous_2)","decl":{"start":{"line":37,"column":24},"end":{"line":37,"column":25}},"loc":{"start":{"line":37,"column":39},"end":{"line":41,"column":1}},"line":37}},"branchMap":{"0":{"loc":{"start":{"line":7,"column":12},"end":{"line":7,"column":49}},"type":"binary-expr","locations":[{"start":{"line":7,"column":12},"end":{"line":7,"column":32}},{"start":{"line":7,"column":36},"end":{"line":7,"column":49}}],"line":7},"1":{"loc":{"start":{"line":12,"column":0},"end":{"line":21,"column":1}},"type":"if","locations":[{"start":{"line":12,"column":0},"end":{"line":21,"column":1}},{"start":{"line":14,"column":7},"end":{"line":21,"column":1}}],"line":12},"2":{"loc":{"start":{"line":26,"column":6},"end":{"line":26,"column":78}},"type":"binary-expr","locations":[{"start":{"line":26,"column":6},"end":{"line":26,"column":29}},{"start":{"line":26,"column":33},"end":{"line":26,"column":50}},{"start":{"line":26,"column":54},"end":{"line":26,"column":78}}],"line":26},"3":{"loc":{"start":{"line":38,"column":2},"end":{"line":40,"column":3}},"type":"if","locations":[{"start":{"line":38,"column":2},"end":{"line":40,"column":3}},{"start":{},"end":{}}],"line":38}},"s":{"0":3,"1":3,"2":3,"3":3,"4":3,"5":3,"6":3,"7":3,"8":0,"9":3,"10":3,"11":15,"12":12,"13":12,"14":3,"15":12,"16":12,"17":3,"18":3,"19":3},"f":{"0":15,"1":12,"2":12},"b":{"0":[3,0],"1":[0,3],"2":[15,15,12],"3":[12,0]},"_coverageSchema":"1a1c01bbd47fc00a2c39e90264f33305004495a9","hash":"a349dcacfca81ed4d05eacf9739957f277ef5360"}
,"D:\\Coding\\nodejs\\binar\\challenge-05\\models\\user_game.js": {"path":"D:\\Coding\\nodejs\\binar\\challenge-05\\models\\user_game.js","statementMap":{"0":{"start":{"line":2,"column":12},"end":{"line":2,"column":43}},"1":{"start":{"line":3,"column":18},"end":{"line":3,"column":38}},"2":{"start":{"line":4,"column":0},"end":{"line":38,"column":2}},"3":{"start":{"line":13,"column":6},"end":{"line":16,"column":9}},"4":{"start":{"line":17,"column":6},"end":{"line":20,"column":9}},"5":{"start":{"line":23,"column":2},"end":{"line":33,"column":4}},"6":{"start":{"line":34,"column":2},"end":{"line":36,"column":5}},"7":{"start":{"line":35,"column":4},"end":{"line":35,"column":31}},"8":{"start":{"line":37,"column":2},"end":{"line":37,"column":19}}},"fnMap":{"0":{"name":"(anonymous_0)","decl":{"start":{"line":4,"column":17},"end":{"line":4,"column":18}},"loc":{"start":{"line":4,"column":43},"end":{"line":38,"column":1}},"line":4},"1":{"name":"(anonymous_1)","decl":{"start":{"line":11,"column":4},"end":{"line":11,"column":5}},"loc":{"start":{"line":11,"column":29},"end":{"line":21,"column":5}},"line":11},"2":{"name":"(anonymous_2)","decl":{"start":{"line":34,"column":36},"end":{"line":34,"column":37}},"loc":{"start":{"line":34,"column":46},"end":{"line":36,"column":3}},"line":34}},"branchMap":{},"s":{"0":3,"1":3,"2":3,"3":3,"4":3,"5":3,"6":3,"7":1,"8":3},"f":{"0":3,"1":3,"2":1},"b":{},"_coverageSchema":"1a1c01bbd47fc00a2c39e90264f33305004495a9","hash":"40ee072d8795d91c18045fe93464c865ed855220"}
,"D:\\Coding\\nodejs\\binar\\challenge-05\\models\\user_game_biodata.js": {"path":"D:\\Coding\\nodejs\\binar\\challenge-05\\models\\user_game_biodata.js","statementMap":{"0":{"start":{"line":2,"column":18},"end":{"line":2,"column":38}},"1":{"start":{"line":3,"column":0},"end":{"line":30,"column":2}},"2":{"start":{"line":12,"column":6},"end":{"line":15,"column":9}},"3":{"start":{"line":18,"column":2},"end":{"line":28,"column":4}},"4":{"start":{"line":29,"column":2},"end":{"line":29,"column":27}}},"fnMap":{"0":{"name":"(anonymous_0)","decl":{"start":{"line":3,"column":17},"end":{"line":3,"column":18}},"loc":{"start":{"line":3,"column":43},"end":{"line":30,"column":1}},"line":3},"1":{"name":"(anonymous_1)","decl":{"start":{"line":10,"column":4},"end":{"line":10,"column":5}},"loc":{"start":{"line":10,"column":29},"end":{"line":16,"column":5}},"line":10}},"branchMap":{},"s":{"0":3,"1":3,"2":3,"3":3,"4":3},"f":{"0":3,"1":3},"b":{},"_coverageSchema":"1a1c01bbd47fc00a2c39e90264f33305004495a9","hash":"6953cac3f5ad762e07c74f99fefd157a548e63d1"}
,"D:\\Coding\\nodejs\\binar\\challenge-05\\models\\user_game_history.js": {"path":"D:\\Coding\\nodejs\\binar\\challenge-05\\models\\user_game_history.js","statementMap":{"0":{"start":{"line":2,"column":18},"end":{"line":2,"column":38}},"1":{"start":{"line":3,"column":0},"end":{"line":33,"column":2}},"2":{"start":{"line":12,"column":6},"end":{"line":15,"column":9}},"3":{"start":{"line":16,"column":6},"end":{"line":19,"column":9}},"4":{"start":{"line":22,"column":2},"end":{"line":31,"column":4}},"5":{"start":{"line":32,"column":2},"end":{"line":32,"column":27}}},"fnMap":{"0":{"name":"(anonymous_0)","decl":{"start":{"line":3,"column":17},"end":{"line":3,"column":18}},"loc":{"start":{"line":3,"column":43},"end":{"line":33,"column":1}},"line":3},"1":{"name":"(anonymous_1)","decl":{"start":{"line":10,"column":4},"end":{"line":10,"column":5}},"loc":{"start":{"line":10,"column":29},"end":{"line":20,"column":5}},"line":10}},"branchMap":{},"s":{"0":3,"1":3,"2":3,"3":3,"4":3,"5":3},"f":{"0":3,"1":3},"b":{},"_coverageSchema":"1a1c01bbd47fc00a2c39e90264f33305004495a9","hash":"fad68ddcd9478efa9fdadcc3f09145f886bcc8c4"}
,"D:\\Coding\\nodejs\\binar\\challenge-05\\routes\\index.js": {"path":"D:\\Coding\\nodejs\\binar\\challenge-05\\routes\\index.js","statementMap":{"0":{"start":{"line":1,"column":15},"end":{"line":1,"column":42}},"1":{"start":{"line":2,"column":23},"end":{"line":2,"column":66}},"2":{"start":{"line":3,"column":23},"end":{"line":3,"column":66}},"3":{"start":{"line":4,"column":18},"end":{"line":4,"column":47}},"4":{"start":{"line":5,"column":24},"end":{"line":5,"column":57}},"5":{"start":{"line":6,"column":19},"end":{"line":6,"column":51}},"6":{"start":{"line":8,"column":0},"end":{"line":8,"column":75}},"7":{"start":{"line":9,"column":0},"end":{"line":9,"column":44}},"8":{"start":{"line":11,"column":0},"end":{"line":11,"column":41}},"9":{"start":{"line":13,"column":0},"end":{"line":13,"column":33}},"10":{"start":{"line":15,"column":0},"end":{"line":15,"column":54}},"11":{"start":{"line":17,"column":0},"end":{"line":17,"column":24}}},"fnMap":{},"branchMap":{},"s":{"0":3,"1":3,"2":3,"3":3,"4":3,"5":3,"6":3,"7":3,"8":3,"9":3,"10":3,"11":3},"f":{},"b":{},"_coverageSchema":"1a1c01bbd47fc00a2c39e90264f33305004495a9","hash":"2af15f574434b7aea79aed36872c3dfb0e61b5fb"}
,"D:\\Coding\\nodejs\\binar\\challenge-05\\routes\\user.routes.js": {"path":"D:\\Coding\\nodejs\\binar\\challenge-05\\routes\\user.routes.js","statementMap":{"0":{"start":{"line":1,"column":15},"end":{"line":1,"column":42}},"1":{"start":{"line":2,"column":23},"end":{"line":2,"column":66}},"2":{"start":{"line":3,"column":24},"end":{"line":3,"column":52}},"3":{"start":{"line":4,"column":25},"end":{"line":4,"column":65}},"4":{"start":{"line":6,"column":0},"end":{"line":6,"column":41}},"5":{"start":{"line":7,"column":0},"end":{"line":17,"column":2}},"6":{"start":{"line":18,"column":0},"end":{"line":18,"column":47}},"7":{"start":{"line":19,"column":0},"end":{"line":49,"column":2}},"8":{"start":{"line":22,"column":4},"end":{"line":46,"column":5}},"9":{"start":{"line":23,"column":19},"end":{"line":26,"column":8}},"10":{"start":{"line":28,"column":6},"end":{"line":43,"column":7}},"11":{"start":{"line":29,"column":8},"end":{"line":32,"column":10}},"12":{"start":{"line":34,"column":20},"end":{"line":34,"column":57}},"13":{"start":{"line":35,"column":8},"end":{"line":42,"column":9}},"14":{"start":{"line":36,"column":10},"end":{"line":39,"column":13}},"15":{"start":{"line":41,"column":10},"end":{"line":41,"column":17}},"16":{"start":{"line":45,"column":6},"end":{"line":45,"column":18}},"17":{"start":{"line":50,"column":0},"end":{"line":50,"column":49}},"18":{"start":{"line":52,"column":0},"end":{"line":52,"column":24}}},"fnMap":{"0":{"name":"(anonymous_0)","decl":{"start":{"line":21,"column":2},"end":{"line":21,"column":3}},"loc":{"start":{"line":21,"column":28},"end":{"line":47,"column":3}},"line":21}},"branchMap":{"0":{"loc":{"start":{"line":28,"column":6},"end":{"line":43,"column":7}},"type":"if","locations":[{"start":{"line":28,"column":6},"end":{"line":43,"column":7}},{"start":{"line":33,"column":13},"end":{"line":43,"column":7}}],"line":28},"1":{"loc":{"start":{"line":35,"column":8},"end":{"line":42,"column":9}},"type":"if","locations":[{"start":{"line":35,"column":8},"end":{"line":42,"column":9}},{"start":{"line":40,"column":15},"end":{"line":42,"column":9}}],"line":35}},"s":{"0":3,"1":3,"2":3,"3":3,"4":3,"5":3,"6":3,"7":3,"8":3,"9":3,"10":3,"11":1,"12":2,"13":2,"14":1,"15":1,"16":1,"17":3,"18":3},"f":{"0":3},"b":{"0":[1,2],"1":[1,1]},"_coverageSchema":"1a1c01bbd47fc00a2c39e90264f33305004495a9","hash":"fea54830bba66c279c6d1b3ed99ecd31261b05a5"}
,"D:\\Coding\\nodejs\\binar\\challenge-05\\services\\userGame.services.js": {"path":"D:\\Coding\\nodejs\\binar\\challenge-05\\services\\userGame.services.js","statementMap":{"0":{"start":{"line":6,"column":4},"end":{"line":6,"column":24}},"1":{"start":{"line":10,"column":4},"end":{"line":10,"column":51}},"2":{"start":{"line":11,"column":26},"end":{"line":11,"column":63}},"3":{"start":{"line":13,"column":21},"end":{"line":18,"column":1}},"4":{"start":{"line":14,"column":16},"end":{"line":16,"column":4}},"5":{"start":{"line":17,"column":2},"end":{"line":17,"column":15}},"6":{"start":{"line":20,"column":27},"end":{"line":31,"column":1}},"7":{"start":{"line":21,"column":15},"end":{"line":29,"column":4}},"8":{"start":{"line":30,"column":2},"end":{"line":30,"column":14}},"9":{"start":{"line":33,"column":21},"end":{"line":39,"column":1}},"10":{"start":{"line":34,"column":15},"end":{"line":37,"column":4}},"11":{"start":{"line":38,"column":2},"end":{"line":38,"column":14}},"12":{"start":{"line":41,"column":19},"end":{"line":46,"column":1}},"13":{"start":{"line":42,"column":14},"end":{"line":42,"column":39}},"14":{"start":{"line":43,"column":2},"end":{"line":43,"column":42}},"15":{"start":{"line":44,"column":15},"end":{"line":44,"column":48}},"16":{"start":{"line":45,"column":2},"end":{"line":45,"column":14}},"17":{"start":{"line":48,"column":19},"end":{"line":56,"column":1}},"18":{"start":{"line":49,"column":2},"end":{"line":55,"column":38}},"19":{"start":{"line":55,"column":20},"end":{"line":55,"column":36}},"20":{"start":{"line":58,"column":19},"end":{"line":62,"column":1}},"21":{"start":{"line":59,"column":2},"end":{"line":59,"column":57}},"22":{"start":{"line":60,"column":2},"end":{"line":60,"column":33}},"23":{"start":{"line":61,"column":2},"end":{"line":61,"column":34}},"24":{"start":{"line":64,"column":20},"end":{"line":67,"column":1}},"25":{"start":{"line":65,"column":17},"end":{"line":65,"column":49}},"26":{"start":{"line":66,"column":2},"end":{"line":66,"column":16}},"27":{"start":{"line":69,"column":0},"end":{"line":77,"column":2}}},"fnMap":{"0":{"name":"(anonymous_0)","decl":{"start":{"line":13,"column":21},"end":{"line":13,"column":22}},"loc":{"start":{"line":13,"column":43},"end":{"line":18,"column":1}},"line":13},"1":{"name":"(anonymous_1)","decl":{"start":{"line":20,"column":27},"end":{"line":20,"column":28}},"loc":{"start":{"line":20,"column":41},"end":{"line":31,"column":1}},"line":20},"2":{"name":"(anonymous_2)","decl":{"start":{"line":33,"column":21},"end":{"line":33,"column":22}},"loc":{"start":{"line":33,"column":47},"end":{"line":39,"column":1}},"line":33},"3":{"name":"(anonymous_3)","decl":{"start":{"line":41,"column":19},"end":{"line":41,"column":20}},"loc":{"start":{"line":41,"column":50},"end":{"line":46,"column":1}},"line":41},"4":{"name":"(anonymous_4)","decl":{"start":{"line":48,"column":19},"end":{"line":48,"column":20}},"loc":{"start":{"line":48,"column":39},"end":{"line":56,"column":1}},"line":48},"5":{"name":"(anonymous_5)","decl":{"start":{"line":55,"column":11},"end":{"line":55,"column":12}},"loc":{"start":{"line":55,"column":20},"end":{"line":55,"column":36}},"line":55},"6":{"name":"(anonymous_6)","decl":{"start":{"line":58,"column":19},"end":{"line":58,"column":20}},"loc":{"start":{"line":58,"column":56},"end":{"line":62,"column":1}},"line":58},"7":{"name":"(anonymous_7)","decl":{"start":{"line":64,"column":20},"end":{"line":64,"column":21}},"loc":{"start":{"line":64,"column":37},"end":{"line":67,"column":1}},"line":64}},"branchMap":{},"s":{"0":3,"1":3,"2":3,"3":3,"4":1,"5":1,"6":3,"7":3,"8":3,"9":3,"10":5,"11":5,"12":3,"13":1,"14":1,"15":1,"16":1,"17":3,"18":1,"19":0,"20":3,"21":1,"22":1,"23":1,"24":3,"25":2,"26":2,"27":3},"f":{"0":1,"1":3,"2":5,"3":1,"4":1,"5":0,"6":1,"7":2},"b":{},"_coverageSchema":"1a1c01bbd47fc00a2c39e90264f33305004495a9","hash":"d43de32eab024498096d3f33666d8bb4ba07fec3"}
,"D:\\Coding\\nodejs\\binar\\challenge-05\\services\\userGameBiodata.services.js": {"path":"D:\\Coding\\nodejs\\binar\\challenge-05\\services\\userGameBiodata.services.js","statementMap":{"0":{"start":{"line":6,"column":4},"end":{"line":6,"column":24}},"1":{"start":{"line":8,"column":19},"end":{"line":10,"column":1}},"2":{"start":{"line":9,"column":2},"end":{"line":9,"column":50}},"3":{"start":{"line":12,"column":18},"end":{"line":14,"column":1}},"4":{"start":{"line":13,"column":2},"end":{"line":13,"column":46}},"5":{"start":{"line":16,"column":18},"end":{"line":22,"column":1}},"6":{"start":{"line":17,"column":2},"end":{"line":21,"column":38}},"7":{"start":{"line":21,"column":20},"end":{"line":21,"column":36}},"8":{"start":{"line":24,"column":18},"end":{"line":29,"column":1}},"9":{"start":{"line":25,"column":2},"end":{"line":25,"column":18}},"10":{"start":{"line":26,"column":2},"end":{"line":28,"column":5}},"11":{"start":{"line":30,"column":0},"end":{"line":30,"column":65}}},"fnMap":{"0":{"name":"(anonymous_0)","decl":{"start":{"line":8,"column":19},"end":{"line":8,"column":20}},"loc":{"start":{"line":8,"column":36},"end":{"line":10,"column":1}},"line":8},"1":{"name":"(anonymous_1)","decl":{"start":{"line":12,"column":18},"end":{"line":12,"column":19}},"loc":{"start":{"line":12,"column":34},"end":{"line":14,"column":1}},"line":12},"2":{"name":"(anonymous_2)","decl":{"start":{"line":16,"column":18},"end":{"line":16,"column":19}},"loc":{"start":{"line":16,"column":38},"end":{"line":22,"column":1}},"line":16},"3":{"name":"(anonymous_3)","decl":{"start":{"line":21,"column":11},"end":{"line":21,"column":12}},"loc":{"start":{"line":21,"column":20},"end":{"line":21,"column":36}},"line":21},"4":{"name":"(anonymous_4)","decl":{"start":{"line":24,"column":18},"end":{"line":24,"column":19}},"loc":{"start":{"line":24,"column":32},"end":{"line":29,"column":1}},"line":24}},"branchMap":{},"s":{"0":3,"1":3,"2":2,"3":3,"4":1,"5":3,"6":1,"7":0,"8":3,"9":1,"10":1,"11":3},"f":{"0":2,"1":1,"2":1,"3":0,"4":1},"b":{},"_coverageSchema":"1a1c01bbd47fc00a2c39e90264f33305004495a9","hash":"45d8d0baefe0d3e99afb69ab2168a14b173b931c"}
,"D:\\Coding\\nodejs\\binar\\challenge-05\\services\\userGameHistory.services.js": {"path":"D:\\Coding\\nodejs\\binar\\challenge-05\\services\\userGameHistory.services.js","statementMap":{"0":{"start":{"line":6,"column":4},"end":{"line":6,"column":24}},"1":{"start":{"line":8,"column":25},"end":{"line":11,"column":1}},"2":{"start":{"line":9,"column":16},"end":{"line":9,"column":61}},"3":{"start":{"line":10,"column":2},"end":{"line":10,"column":15}},"4":{"start":{"line":13,"column":22},"end":{"line":23,"column":1}},"5":{"start":{"line":14,"column":2},"end":{"line":22,"column":3}},"6":{"start":{"line":15,"column":4},"end":{"line":19,"column":7}},"7":{"start":{"line":21,"column":4},"end":{"line":21,"column":16}},"8":{"start":{"line":25,"column":25},"end":{"line":41,"column":1}},"9":{"start":{"line":26,"column":2},"end":{"line":40,"column":5}},"10":{"start":{"line":43,"column":0},"end":{"line":43,"column":53}}},"fnMap":{"0":{"name":"(anonymous_0)","decl":{"start":{"line":8,"column":25},"end":{"line":8,"column":26}},"loc":{"start":{"line":8,"column":43},"end":{"line":11,"column":1}},"line":8},"1":{"name":"(anonymous_1)","decl":{"start":{"line":13,"column":22},"end":{"line":13,"column":23}},"loc":{"start":{"line":13,"column":46},"end":{"line":23,"column":1}},"line":13},"2":{"name":"(anonymous_2)","decl":{"start":{"line":25,"column":25},"end":{"line":25,"column":26}},"loc":{"start":{"line":25,"column":37},"end":{"line":41,"column":1}},"line":25}},"branchMap":{"0":{"loc":{"start":{"line":14,"column":2},"end":{"line":22,"column":3}},"type":"if","locations":[{"start":{"line":14,"column":2},"end":{"line":22,"column":3}},{"start":{"line":20,"column":9},"end":{"line":22,"column":3}}],"line":14}},"s":{"0":3,"1":3,"2":0,"3":0,"4":3,"5":1,"6":1,"7":0,"8":3,"9":1,"10":3},"f":{"0":0,"1":1,"2":1},"b":{"0":[1,0]},"_coverageSchema":"1a1c01bbd47fc00a2c39e90264f33305004495a9","hash":"3eb653770d54d0cc9de4fcc4e36a1c74ceec1a7e"}
,"D:\\Coding\\nodejs\\binar\\challenge-05\\utils\\errorHandler.js": {"path":"D:\\Coding\\nodejs\\binar\\challenge-05\\utils\\errorHandler.js","statementMap":{"0":{"start":{"line":2,"column":2},"end":{"line":6,"column":3}},"1":{"start":{"line":3,"column":4},"end":{"line":3,"column":58}},"2":{"start":{"line":5,"column":4},"end":{"line":5,"column":63}},"3":{"start":{"line":7,"column":2},"end":{"line":7,"column":19}},"4":{"start":{"line":9,"column":0},"end":{"line":9,"column":30}}},"fnMap":{"0":{"name":"errorHandler","decl":{"start":{"line":1,"column":9},"end":{"line":1,"column":21}},"loc":{"start":{"line":1,"column":43},"end":{"line":8,"column":1}},"line":1}},"branchMap":{"0":{"loc":{"start":{"line":2,"column":2},"end":{"line":6,"column":3}},"type":"if","locations":[{"start":{"line":2,"column":2},"end":{"line":6,"column":3}},{"start":{"line":4,"column":9},"end":{"line":6,"column":3}}],"line":2}},"s":{"0":21,"1":21,"2":0,"3":21,"4":3},"f":{"0":21},"b":{"0":[21,0]},"_coverageSchema":"1a1c01bbd47fc00a2c39e90264f33305004495a9","hash":"fef23c70cf4c7ae34b5b014f2b7708836f3a61e0"}
}
