TN:
SF:app.js
FNF:0
FNH:0
DA:1,3
DA:2,3
DA:3,3
DA:4,3
DA:5,3
DA:7,3
DA:8,3
DA:10,3
DA:12,3
DA:14,3
LF:10
LH:10
BRF:0
BRH:0
end_of_record
TN:
SF:controllers\AuthController.js
FN:5,(anonymous_0)
FN:66,(anonymous_1)
FN:90,(anonymous_2)
FNF:3
FNH:3
FNDA:3,(anonymous_0)
FNDA:25,(anonymous_1)
FNDA:18,(anonymous_2)
DA:1,3
DA:2,3
DA:3,3
DA:28,3
DA:29,3
DA:32,3
DA:33,1
DA:39,2
DA:43,2
DA:44,1
DA:50,1
DA:58,1
DA:62,2
DA:80,25
DA:81,25
DA:82,7
DA:87,18
DA:91,18
DA:92,5
DA:98,13
DA:99,13
DA:103,12
DA:108,3
LF:23
LH:23
BRDA:32,0,0,1
BRDA:32,0,1,2
BRDA:43,1,0,1
BRDA:43,1,1,1
BRDA:81,2,0,7
BRDA:81,2,1,18
BRDA:91,3,0,5
BRDA:91,3,1,13
BRF:8
BRH:8
end_of_record
TN:
SF:controllers\GameController.js
FN:19,(anonymous_0)
FN:58,(anonymous_1)
FN:140,(anonymous_2)
FN:185,(anonymous_3)
FN:238,(anonymous_4)
FN:285,(anonymous_5)
FNF:6
FNH:6
FNDA:1,(anonymous_0)
FNDA:4,(anonymous_1)
FNDA:2,(anonymous_2)
FNDA:1,(anonymous_3)
FNDA:2,(anonymous_4)
FNDA:1,(anonymous_5)
DA:9,3
DA:10,3
DA:11,3
DA:15,3
DA:16,3
DA:44,1
DA:45,1
DA:46,1
DA:47,1
DA:49,0
DA:55,0
DA:100,4
DA:101,4
DA:102,4
DA:103,2
DA:108,2
DA:113,2
DA:114,1
DA:119,1
DA:121,1
DA:133,1
DA:136,3
DA:169,2
DA:170,2
DA:172,2
DA:173,1
DA:175,1
DA:181,1
DA:207,1
DA:208,1
DA:209,1
DA:210,1
DA:215,1
DA:224,1
DA:226,1
DA:227,1
DA:229,0
DA:235,0
DA:260,2
DA:261,2
DA:266,2
DA:267,1
DA:271,1
DA:275,1
DA:281,1
DA:315,1
DA:316,1
DA:317,1
DA:318,1
DA:320,0
DA:326,0
DA:330,3
LF:52
LH:46
BRDA:46,0,0,1
BRDA:46,0,1,0
BRDA:102,1,0,2
BRDA:102,1,1,2
BRDA:113,2,0,1
BRDA:113,2,1,1
BRDA:113,3,0,2
BRDA:113,3,1,1
BRDA:119,4,0,1
BRDA:119,4,1,0
BRDA:172,5,0,1
BRDA:172,5,1,1
BRDA:209,6,0,1
BRDA:209,6,1,0
BRDA:211,7,0,0
BRDA:211,7,1,1
BRDA:216,8,0,1
BRDA:216,8,1,0
BRDA:219,9,0,1
BRDA:219,9,1,0
BRDA:220,10,0,1
BRDA:220,10,1,0
BRDA:266,11,0,1
BRDA:266,11,1,1
BRDA:317,12,0,1
BRDA:317,12,1,0
BRF:26
BRH:18
end_of_record
TN:
SF:models\game_activity.js
FN:3,(anonymous_0)
FN:10,(anonymous_1)
FNF:2
FNH:2
FNDA:3,(anonymous_0)
FNDA:3,(anonymous_1)
DA:2,3
DA:3,3
DA:12,3
DA:18,3
DA:27,3
LF:5
LH:5
BRF:0
BRH:0
end_of_record
TN:
SF:models\index.js
FN:24,(anonymous_0)
FN:29,(anonymous_1)
FN:37,(anonymous_2)
FNF:3
FNH:3
FNDA:15,(anonymous_0)
FNDA:12,(anonymous_1)
FNDA:12,(anonymous_2)
DA:3,3
DA:4,3
DA:5,3
DA:6,3
DA:7,3
DA:8,3
DA:9,3
DA:12,3
DA:13,0
DA:15,3
DA:23,3
DA:25,15
DA:30,12
DA:34,12
DA:37,3
DA:38,12
DA:39,12
DA:43,3
DA:44,3
DA:46,3
LF:20
LH:19
BRDA:7,0,0,3
BRDA:7,0,1,0
BRDA:12,1,0,0
BRDA:12,1,1,3
BRDA:26,2,0,15
BRDA:26,2,1,15
BRDA:26,2,2,12
BRDA:38,3,0,12
BRDA:38,3,1,0
BRF:9
BRH:6
end_of_record
TN:
SF:models\user_game.js
FN:4,(anonymous_0)
FN:11,(anonymous_1)
FN:34,(anonymous_2)
FNF:3
FNH:3
FNDA:3,(anonymous_0)
FNDA:3,(anonymous_1)
FNDA:1,(anonymous_2)
DA:2,3
DA:3,3
DA:4,3
DA:13,3
DA:17,3
DA:23,3
DA:34,3
DA:35,1
DA:37,3
LF:9
LH:9
BRF:0
BRH:0
end_of_record
TN:
SF:models\user_game_biodata.js
FN:3,(anonymous_0)
FN:10,(anonymous_1)
FNF:2
FNH:2
FNDA:3,(anonymous_0)
FNDA:3,(anonymous_1)
DA:2,3
DA:3,3
DA:12,3
DA:18,3
DA:29,3
LF:5
LH:5
BRF:0
BRH:0
end_of_record
TN:
SF:models\user_game_history.js
FN:3,(anonymous_0)
FN:10,(anonymous_1)
FNF:2
FNH:2
FNDA:3,(anonymous_0)
FNDA:3,(anonymous_1)
DA:2,3
DA:3,3
DA:12,3
DA:16,3
DA:22,3
DA:32,3
LF:6
LH:6
BRF:0
BRH:0
end_of_record
TN:
SF:routes\index.js
FNF:0
FNH:0
DA:1,3
DA:2,3
DA:3,3
DA:4,3
DA:5,3
DA:6,3
DA:8,3
DA:9,3
DA:11,3
DA:13,3
DA:15,3
DA:17,3
LF:12
LH:12
BRF:0
BRH:0
end_of_record
TN:
SF:routes\user.routes.js
FN:21,(anonymous_0)
FNF:1
FNH:1
FNDA:3,(anonymous_0)
DA:1,3
DA:2,3
DA:3,3
DA:4,3
DA:6,3
DA:7,3
DA:18,3
DA:19,3
DA:22,3
DA:23,3
DA:28,3
DA:29,1
DA:34,2
DA:35,2
DA:36,1
DA:41,1
DA:45,1
DA:50,3
DA:52,3
LF:19
LH:19
BRDA:28,0,0,1
BRDA:28,0,1,2
BRDA:35,1,0,1
BRDA:35,1,1,1
BRF:4
BRH:4
end_of_record
TN:
SF:services\userGame.services.js
FN:13,(anonymous_0)
FN:20,(anonymous_1)
FN:33,(anonymous_2)
FN:41,(anonymous_3)
FN:48,(anonymous_4)
FN:55,(anonymous_5)
FN:58,(anonymous_6)
FN:64,(anonymous_7)
FNF:8
FNH:7
FNDA:1,(anonymous_0)
FNDA:3,(anonymous_1)
FNDA:5,(anonymous_2)
FNDA:1,(anonymous_3)
FNDA:1,(anonymous_4)
FNDA:0,(anonymous_5)
FNDA:1,(anonymous_6)
FNDA:2,(anonymous_7)
DA:6,3
DA:10,3
DA:11,3
DA:13,3
DA:14,1
DA:17,1
DA:20,3
DA:21,3
DA:30,3
DA:33,3
DA:34,5
DA:38,5
DA:41,3
DA:42,1
DA:43,1
DA:44,1
DA:45,1
DA:48,3
DA:49,1
DA:55,0
DA:58,3
DA:59,1
DA:60,1
DA:61,1
DA:64,3
DA:65,2
DA:66,2
DA:69,3
LF:28
LH:27
BRF:0
BRH:0
end_of_record
TN:
SF:services\userGameBiodata.services.js
FN:8,(anonymous_0)
FN:12,(anonymous_1)
FN:16,(anonymous_2)
FN:21,(anonymous_3)
FN:24,(anonymous_4)
FNF:5
FNH:4
FNDA:2,(anonymous_0)
FNDA:1,(anonymous_1)
FNDA:1,(anonymous_2)
FNDA:0,(anonymous_3)
FNDA:1,(anonymous_4)
DA:6,3
DA:8,3
DA:9,2
DA:12,3
DA:13,1
DA:16,3
DA:17,1
DA:21,0
DA:24,3
DA:25,1
DA:26,1
DA:30,3
LF:12
LH:11
BRF:0
BRH:0
end_of_record
TN:
SF:services\userGameHistory.services.js
FN:8,(anonymous_0)
FN:13,(anonymous_1)
FN:25,(anonymous_2)
FNF:3
FNH:2
FNDA:0,(anonymous_0)
FNDA:1,(anonymous_1)
FNDA:1,(anonymous_2)
DA:6,3
DA:8,3
DA:9,0
DA:10,0
DA:13,3
DA:14,1
DA:15,1
DA:21,0
DA:25,3
DA:26,1
DA:43,3
LF:11
LH:8
BRDA:14,0,0,1
BRDA:14,0,1,0
BRF:2
BRH:1
end_of_record
TN:
SF:utils\errorHandler.js
FN:1,errorHandler
FNF:1
FNH:1
FNDA:21,errorHandler
DA:2,21
DA:3,21
DA:5,0
DA:7,21
DA:9,3
LF:5
LH:4
BRDA:2,0,0,21
BRDA:2,0,1,0
BRF:2
BRH:1
end_of_record
